C:\Program Files (x86)\Microsoft Visual Studio\2019\Community\MSBuild\Microsoft\VC\v160\Microsoft.CppBuild.targets(513,5): warning MSB8028: The intermediate directory (x64\Debug\) contains files shared from another project (C++ Game.vcxproj, Krabby Clicker.vcxproj).  This can lead to incorrect clean and rebuild behavior.
  Enemy.cpp
C:\Users\henry\source\repos\Adventure_Game\Enemy.cpp(9,12): warning C4244: 'argument': conversion from 'time_t' to 'unsigned int', possible loss of data
C:\Users\henry\source\repos\Adventure_Game\Enemy.cpp(11,90): warning C4244: 'argument': conversion from 'int' to 'T', possible loss of data
          with
          [
              T=float
          ]
C:\Users\henry\source\repos\Adventure_Game\Enemy.cpp(11,61): warning C4244: 'argument': conversion from 'int' to 'T', possible loss of data
          with
          [
              T=float
          ]
C:\Users\henry\source\repos\Adventure_Game\Enemy.cpp(53,87): warning C4244: 'argument': conversion from 'int' to 'T', possible loss of data
          with
          [
              T=float
          ]
C:\Users\henry\source\repos\Adventure_Game\Enemy.cpp(53,44): warning C4244: 'argument': conversion from 'int' to 'T', possible loss of data
          with
          [
              T=float
          ]
  EnemyManager.cpp
C:\Users\henry\source\repos\Adventure_Game\EnemyManager.cpp(56,12): warning C4244: 'argument': conversion from 'time_t' to 'unsigned int', possible loss of data
  EnemyPlayerInteraction.cpp
  Game.cpp
  Main.cpp
  Generating Code...
  C++ Game.vcxproj -> C:\Users\henry\source\repos\Adventure_Game\x64\Debug\Adventure Game.exe
  'pwsh.exe' is not recognized as an internal or external command,
  operable program or batch file.
