c:\users\henry\source\repos\c++ game - cookie clicker\x64\debug\vc142.pdb
c:\users\henry\source\repos\c++ game - cookie clicker\x64\debug\vc142.idb
c:\users\henry\source\repos\c++ game - cookie clicker\x64\debug\userinterface.obj
c:\users\henry\source\repos\c++ game - cookie clicker\x64\debug\player.obj
c:\users\henry\source\repos\c++ game - cookie clicker\x64\debug\map.obj
c:\users\henry\source\repos\c++ game - cookie clicker\x64\debug\main.obj
c:\users\henry\source\repos\c++ game - cookie clicker\x64\debug\game.obj
c:\users\henry\source\repos\c++ game - cookie clicker\x64\debug\enemy.obj
c:\users\henry\source\repos\c++ game - cookie clicker\x64\debug\krabby clicker.exe
c:\users\henry\source\repos\c++ game - cookie clicker\x64\debug\krabby clicker.ilk
c:\users\henry\source\repos\c++ game - cookie clicker\x64\debug\krabby clicker.pdb
c:\users\henry\source\repos\c++ game - cookie clicker\x64\debug\game.obj.enc
c:\users\henry\source\repos\c++ game - cookie clicker\x64\debug\main.obj.enc
c:\users\henry\source\repos\c++ game - cookie clicker\x64\debug\map.obj.enc
c:\users\henry\source\repos\c++ game - cookie clicker\x64\debug\c++ game.ilk
c:\users\henry\source\repos\c++ game - cookie clicker\x64\debug\c++ game.pdb
c:\users\henry\source\repos\c++ game - cookie clicker\x64\debug\krabby clicker.tlog\cl.command.1.tlog
c:\users\henry\source\repos\c++ game - cookie clicker\x64\debug\krabby clicker.tlog\cl.read.1.tlog
c:\users\henry\source\repos\c++ game - cookie clicker\x64\debug\krabby clicker.tlog\cl.write.1.tlog
c:\users\henry\source\repos\c++ game - cookie clicker\x64\debug\krabby clicker.tlog\link.command.1.tlog
c:\users\henry\source\repos\c++ game - cookie clicker\x64\debug\krabby clicker.tlog\link.read.1.tlog
c:\users\henry\source\repos\c++ game - cookie clicker\x64\debug\krabby clicker.tlog\link.write.1.tlog
